C:\Users\ovca\Documents\My Dropbox\Diplomski\Kod\CpuHaarCV\CpuHaarCV\Debug\cl.command.1.tlog
C:\Users\ovca\Documents\My Dropbox\Diplomski\Kod\CpuHaarCV\CpuHaarCV\Debug\CL.read.1.tlog
C:\Users\ovca\Documents\My Dropbox\Diplomski\Kod\CpuHaarCV\CpuHaarCV\Debug\CL.write.1.tlog
C:\USERS\OVCA\DOCUMENTS\MY DROPBOX\DIPLOMSKI\KOD\CPUHAARCV\CPUHAARCV\DEBUG\CPUHAARCV.EXE.EMBED.MANIFEST
C:\USERS\OVCA\DOCUMENTS\MY DROPBOX\DIPLOMSKI\KOD\CPUHAARCV\CPUHAARCV\DEBUG\CPUHAARCV.EXE.EMBED.MANIFEST.RES
C:\USERS\OVCA\DOCUMENTS\MY DROPBOX\DIPLOMSKI\KOD\CPUHAARCV\CPUHAARCV\DEBUG\CPUHAARCV.EXE.INTERMEDIATE.MANIFEST
C:\USERS\OVCA\DOCUMENTS\MY DROPBOX\DIPLOMSKI\KOD\CPUHAARCV\CPUHAARCV\DEBUG\CPUHAARCV.OBJ
C:\USERS\OVCA\DOCUMENTS\MY DROPBOX\DIPLOMSKI\KOD\CPUHAARCV\CPUHAARCV\DEBUG\CPUHAARCV.PCH
C:\Users\ovca\Documents\My Dropbox\Diplomski\Kod\CpuHaarCV\CpuHaarCV\Debug\CpuHaarCV_manifest.rc
C:\Users\ovca\Documents\My Dropbox\Diplomski\Kod\CpuHaarCV\CpuHaarCV\Debug\link.8224.read.1.tlog
C:\Users\ovca\Documents\My Dropbox\Diplomski\Kod\CpuHaarCV\CpuHaarCV\Debug\link.8224.write.1.tlog
C:\Users\ovca\Documents\My Dropbox\Diplomski\Kod\CpuHaarCV\CpuHaarCV\Debug\link.8224-cvtres.read.1.tlog
C:\Users\ovca\Documents\My Dropbox\Diplomski\Kod\CpuHaarCV\CpuHaarCV\Debug\link.8224-cvtres.write.1.tlog
C:\Users\ovca\Documents\My Dropbox\Diplomski\Kod\CpuHaarCV\CpuHaarCV\Debug\link.command.1.tlog
C:\Users\ovca\Documents\My Dropbox\Diplomski\Kod\CpuHaarCV\CpuHaarCV\Debug\link.read.1.tlog
C:\Users\ovca\Documents\My Dropbox\Diplomski\Kod\CpuHaarCV\CpuHaarCV\Debug\link.write.1.tlog
C:\Users\ovca\Documents\My Dropbox\Diplomski\Kod\CpuHaarCV\CpuHaarCV\Debug\link-cvtres.read.1.tlog
C:\Users\ovca\Documents\My Dropbox\Diplomski\Kod\CpuHaarCV\CpuHaarCV\Debug\link-cvtres.write.1.tlog
C:\Users\ovca\Documents\My Dropbox\Diplomski\Kod\CpuHaarCV\CpuHaarCV\Debug\mt.command.1.tlog
C:\Users\ovca\Documents\My Dropbox\Diplomski\Kod\CpuHaarCV\CpuHaarCV\Debug\mt.read.1.tlog
C:\Users\ovca\Documents\My Dropbox\Diplomski\Kod\CpuHaarCV\CpuHaarCV\Debug\mt.write.1.tlog
C:\Users\ovca\Documents\My Dropbox\Diplomski\Kod\CpuHaarCV\CpuHaarCV\Debug\rc.command.1.tlog
C:\Users\ovca\Documents\My Dropbox\Diplomski\Kod\CpuHaarCV\CpuHaarCV\Debug\rc.read.1.tlog
C:\Users\ovca\Documents\My Dropbox\Diplomski\Kod\CpuHaarCV\CpuHaarCV\Debug\rc.write.1.tlog
C:\USERS\OVCA\DOCUMENTS\MY DROPBOX\DIPLOMSKI\KOD\CPUHAARCV\CPUHAARCV\DEBUG\STDAFX.OBJ
C:\Users\ovca\Documents\My Dropbox\Diplomski\Kod\CpuHaarCV\CpuHaarCV\Debug\vc100.idb
C:\USERS\OVCA\DOCUMENTS\MY DROPBOX\DIPLOMSKI\KOD\CPUHAARCV\CPUHAARCV\DEBUG\VC100.PDB
C:\USERS\OVCA\DOCUMENTS\MY DROPBOX\DIPLOMSKI\KOD\CPUHAARCV\DEBUG\CPUHAARCV.EXE
C:\USERS\OVCA\DOCUMENTS\MY DROPBOX\DIPLOMSKI\KOD\CPUHAARCV\DEBUG\CPUHAARCV.ILK
C:\USERS\OVCA\DOCUMENTS\MY DROPBOX\DIPLOMSKI\KOD\CPUHAARCV\DEBUG\CPUHAARCV.PDB
