Build started 2/27/2011 11:47:21 PM.
     1>Project "C:\Users\ovca\Documents\My Dropbox\Diplomski\Kod\CpuHaarCV\CpuHaarCV\CpuHaarCV.vcxproj" on node 2 (build target(s)).
     1>InitializeBuildStatus:
         Creating "Debug\CpuHaarCV.unsuccessfulbuild" because "AlwaysCreate" was specified.
       ClCompile:
         All outputs are up-to-date.
         E:\Microsoft Visual Studio 10.0\VC\bin\CL.exe /c /ZI /nologo /W3 /WX- /Od /Oy- /D WIN32 /D _DEBUG /D _CONSOLE /D _UNICODE /D UNICODE /Gm /EHsc /RTC1 /MDd /GS /fp:precise /Zc:wchar_t /Zc:forScope /Yu"StdAfx.h" /Fp"Debug\CpuHaarCV.pch" /Fo"Debug\\" /Fd"Debug\vc100.pdb" /Gd /TP /analyze- /errorReport:prompt CpuHaarCV.cpp
         CpuHaarCV.cpp
       ManifestResourceCompile:
         All outputs are up-to-date.
       Link:
         E:\Microsoft Visual Studio 10.0\VC\bin\link.exe /ERRORREPORT:PROMPT /OUT:"C:\Users\ovca\Documents\My Dropbox\Diplomski\Kod\CpuHaarCV\Debug\CpuHaarCV.exe" /INCREMENTAL /NOLOGO cv210d.lib cxcore210d.lib highgui210d.lib kernel32.lib user32.lib gdi32.lib winspool.lib comdlg32.lib advapi32.lib shell32.lib ole32.lib oleaut32.lib uuid.lib odbc32.lib odbccp32.lib /MANIFEST /ManifestFile:"Debug\CpuHaarCV.exe.intermediate.manifest" /MANIFESTUAC:"level='asInvoker' uiAccess='false'" /DEBUG /PDB:"C:\Users\ovca\Documents\My Dropbox\Diplomski\Kod\CpuHaarCV\Debug\CpuHaarCV.pdb" /SUBSYSTEM:CONSOLE /TLBID:1 /DYNAMICBASE /NXCOMPAT /IMPLIB:"C:\Users\ovca\Documents\My Dropbox\Diplomski\Kod\CpuHaarCV\Debug\CpuHaarCV.lib" /MACHINE:X86 Debug\CpuHaarCV.exe.embed.manifest.res
         Debug\CpuHaarCV.obj
         Debug\stdafx.obj
       Manifest:
         C:\Program Files\Microsoft SDKs\Windows\v7.0A\bin\mt.exe /nologo /verbose /out:"Debug\CpuHaarCV.exe.embed.manifest" /manifest Debug\CpuHaarCV.exe.intermediate.manifest
         All outputs are up-to-date.
       LinkEmbedManifest:
         All outputs are up-to-date.
         CpuHaarCV.vcxproj -> C:\Users\ovca\Documents\My Dropbox\Diplomski\Kod\CpuHaarCV\Debug\CpuHaarCV.exe
       FinalizeBuildStatus:
         Deleting file "Debug\CpuHaarCV.unsuccessfulbuild".
         Touching "Debug\CpuHaarCV.lastbuildstate".
     1>Done Building Project "C:\Users\ovca\Documents\My Dropbox\Diplomski\Kod\CpuHaarCV\CpuHaarCV\CpuHaarCV.vcxproj" (build target(s)).

Build succeeded.

Time Elapsed 00:00:04.17
